[debug] [2020-03-30T23:44:25.292Z] ----------------------------------------------------------------------
[debug] [2020-03-30T23:44:25.293Z] Command:       /usr/local/bin/node /usr/local/bin/firebase init
[debug] [2020-03-30T23:44:25.294Z] CLI Version:   7.16.2
[debug] [2020-03-30T23:44:25.294Z] Platform:      darwin
[debug] [2020-03-30T23:44:25.294Z] Node Version:  v10.16.2
[debug] [2020-03-30T23:44:25.295Z] Time:          Tue Mar 31 2020 10:44:25 GMT+1100 (Australian Eastern Daylight Time)
[debug] [2020-03-30T23:44:25.295Z] ----------------------------------------------------------------------
[debug] [2020-03-30T23:44:25.295Z] 
[debug] [2020-03-30T23:44:25.302Z] > command requires scopes: ["email","openid","https://www.googleapis.com/auth/cloudplatformprojects.readonly","https://www.googleapis.com/auth/firebase","https://www.googleapis.com/auth/cloud-platform"]
[debug] [2020-03-30T23:44:25.302Z] > authorizing via signed-in user
[info] 
     ######## #### ########  ######## ########     ###     ######  ########
     ##        ##  ##     ## ##       ##     ##  ##   ##  ##       ##
     ######    ##  ########  ######   ########  #########  ######  ######
     ##        ##  ##    ##  ##       ##     ## ##     ##       ## ##
     ##       #### ##     ## ######## ########  ##     ##  ######  ########

You're about to initialize a Firebase project in this directory:

  /Users/Andrew_MacBook/reactjs/react-redux-photowall

Before we get started, keep in mind:

  * You are initializing in an existing Firebase project directory

[info] 
=== Project Setup
[info] 
[info] First, let's associate this project directory with a Firebase project.
[info] You can create multiple project aliases by running firebase use --add, 
[info] but for now we'll just set up a default project.
[info] 
[debug] [2020-03-30T23:44:32.154Z] >>> HTTP REQUEST GET https://firebase.googleapis.com/v1beta1/projects/photowall-app  
 
[debug] [2020-03-30T23:44:32.815Z] <<< HTTP RESPONSE 403
[debug] [2020-03-30T23:44:32.815Z] <<< HTTP RESPONSE BODY
[debug] [2020-03-30T23:44:32.817Z] HTTP Error: 403, The caller does not have permission
[debug] [2020-03-30T23:44:32.819Z] FirebaseError: HTTP Error: 403, The caller does not have permission
    at module.exports (/Users/Andrew_MacBook/.config/yarn/global/node_modules/firebase-tools/lib/responseToError.js:38:12)
    at Request._callback (/Users/Andrew_MacBook/.config/yarn/global/node_modules/firebase-tools/lib/api.js:40:35)
    at Request.self.callback (/Users/Andrew_MacBook/.config/yarn/global/node_modules/request/request.js:185:22)
    at Request.emit (events.js:198:13)
    at Request.EventEmitter.emit (domain.js:448:20)
    at Request.<anonymous> (/Users/Andrew_MacBook/.config/yarn/global/node_modules/request/request.js:1154:10)
    at Request.emit (events.js:198:13)
    at Request.EventEmitter.emit (domain.js:448:20)
    at IncomingMessage.<anonymous> (/Users/Andrew_MacBook/.config/yarn/global/node_modules/request/request.js:1076:12)
    at Object.onceWrapper (events.js:286:20)
    at IncomingMessage.emit (events.js:203:15)
    at IncomingMessage.EventEmitter.emit (domain.js:448:20)
    at endReadableNT (_stream_readable.js:1145:12)
    at process._tickCallback (internal/process/next_tick.js:63:19)
[error] 
[error] Error: Failed to get Firebase project photowall-app. Please make sure the project exists and your account has permission to access it.
